<?xml version="1.0" encoding="UTF-8"?>
<!-- Generated by org.testng.reporters.JUnitReportReporter -->
<testsuite ignored="0" hostname="MacBook-Air-de-Fernando.local" failures="0" tests="1" name="pruebatestNG.Selenium_Test" time="49.635" errors="0" timestamp="05 oct 2024 17:10:02 GMT" skipped="0">
  <testcase classname="pruebatestNG.Selenium_Test" name="f" time="49.635"/>
</testsuite> <!-- pruebatestNG.Selenium_Test -->
